d:\windows driver\eatchickendriver x64\x64\w7x64\eatchickendriverx64.sys
d:\windows driver\eatchickendriver x64\eatchickendriver x64\x64\w7x64\vc120.pdb
d:\windows driver\eatchickendriver x64\eatchickendriver x64\x64\w7x64\process.obj
d:\windows driver\eatchickendriver x64\eatchickendriver x64\x64\w7x64\phytools.obj
d:\windows driver\eatchickendriver x64\eatchickendriver x64\x64\w7x64\main.obj
d:\windows driver\eatchickendriver x64\eatchickendriver x64\x64\w7x64\fmemory.obj
d:\windows driver\eatchickendriver x64\eatchickendriver x64\x64\w7x64\cr3register.obj
d:\windows driver\eatchickendriver x64\x64\w7x64\eatchickendriverx64.pdb
d:\windows driver\eatchickendriver x64\x64\w7x64\eatchickendriverx64.cer
d:\windows driver\eatchickendriver x64\eatchickendriver x64\x64\w7x64\signtool.command.1.tlog
d:\windows driver\eatchickendriver x64\eatchickendriver x64\x64\w7x64\signtool.read.1.tlog
d:\windows driver\eatchickendriver x64\eatchickendriver x64\x64\w7x64\signtool.write.1.tlog
d:\windows driver\eatchickendriver x64\eatchickendriver x64\x64\w7x64\eatchick.1903ed90.tlog\cl.command.1.tlog
d:\windows driver\eatchickendriver x64\eatchickendriver x64\x64\w7x64\eatchick.1903ed90.tlog\cl.read.1.tlog
d:\windows driver\eatchickendriver x64\eatchickendriver x64\x64\w7x64\eatchick.1903ed90.tlog\cl.write.1.tlog
d:\windows driver\eatchickendriver x64\eatchickendriver x64\x64\w7x64\eatchick.1903ed90.tlog\custombuild.command.1.tlog
d:\windows driver\eatchickendriver x64\eatchickendriver x64\x64\w7x64\eatchick.1903ed90.tlog\custombuild.read.1.tlog
d:\windows driver\eatchickendriver x64\eatchickendriver x64\x64\w7x64\eatchick.1903ed90.tlog\custombuild.write.1.tlog
d:\windows driver\eatchickendriver x64\eatchickendriver x64\x64\w7x64\eatchick.1903ed90.tlog\link.command.1.tlog
d:\windows driver\eatchickendriver x64\eatchickendriver x64\x64\w7x64\eatchick.1903ed90.tlog\link.read.1.tlog
d:\windows driver\eatchickendriver x64\eatchickendriver x64\x64\w7x64\eatchick.1903ed90.tlog\link.write.1.tlog
